<?xml version="1.0" encoding="UTF-8"?>
<testsuite xmlns:xsi="http://www.w3.org/2001/XMLSchema-instance" xsi:noNamespaceSchemaLocation="https://maven.apache.org/surefire/maven-surefire-plugin/xsd/surefire-test-report-3.0.xsd" version="3.0" name="com.g2.t5.T5ApplicationTests" time="2.004" tests="1" errors="0" skipped="0" failures="0">
  <properties>
[...]
</properties>
  <testcase name="contextLoads" classname="com.g2.t5.T5ApplicationTests" time="0.447">
    <system-out><![CDATA[12:35:51.041 [main] INFO org.springframework.test.context.support.AnnotationConfigContextLoaderUtils -- Could not detect default configuration classes for test class [com.g2.t5.T5ApplicationTests]: T5ApplicationTests does not declare any static, non-private, non-final, nested classes annotated with @Configuration.
12:35:51.102 [main] INFO org.springframework.boot.test.context.SpringBootTestContextBootstrapper -- Found @SpringBootConfiguration com.g2.t5.T5Application for test class com.g2.t5.T5ApplicationTests

  .   ____          _            __ _ _
 /\\ / ___'_ __ _ _(_)_ __  __ _ \ \ \ \
( ( )\___ | '_ | '_| | '_ \/ _` | \ \ \ \
 \\/  ___)| |_)| | | | | || (_| |  ) ) ) )
  '  |____| .__|_| |_|_| |_\__, | / / / /
 =========|_|==============|___/=/_/_/_/
 :: Spring Boot ::                (v3.2.1)

2024-01-16T12:35:51.290+01:00  WARN 75295 --- [           main] ory$DuplicateJsonObjectContextCustomizer : 

Found multiple occurrences of org.json.JSONObject on the class path:

	jar:file:/Users/valerio/.m2/repository/com/vaadin/external/google/android-json/0.0.20131108.vaadin1/android-json-0.0.20131108.vaadin1.jar!/org/json/JSONObject.class
	jar:file:/Users/valerio/.m2/repository/org/json/json/20230227/json-20230227.jar!/org/json/JSONObject.class

You may wish to exclude one of them to ensure predictable runtime behavior

2024-01-16T12:35:51.313+01:00  INFO 75295 --- [           main] com.g2.t5.T5ApplicationTests             : Starting T5ApplicationTests using Java 21.0.1 with PID 75295 (started by valerio in /Users/valerio/Desktop/T4-A3_2.0/T5-G2/t5)
2024-01-16T12:35:51.314+01:00  INFO 75295 --- [           main] com.g2.t5.T5ApplicationTests             : No active profile set, falling back to 1 default profile: "default"
2024-01-16T12:35:52.351+01:00  WARN 75295 --- [           main] .s.s.UserDetailsServiceAutoConfiguration : 

Using generated security password: 9ffd2c8b-abe8-4e1b-810e-29e3b341788a

This generated password is for development use only. Your security configuration must be updated before running your application in production.

2024-01-16T12:35:52.400+01:00  INFO 75295 --- [           main] o.s.b.a.e.web.EndpointLinksResolver      : Exposing 1 endpoint(s) beneath base path '/actuator'
2024-01-16T12:35:52.407+01:00  INFO 75295 --- [           main] o.s.s.web.DefaultSecurityFilterChain     : Will secure any request with [org.springframework.security.web.session.DisableEncodeUrlFilter@5fde1d64, org.springframework.security.web.context.request.async.WebAsyncManagerIntegrationFilter@5350ab17, org.springframework.security.web.context.SecurityContextHolderFilter@6b126187, org.springframework.security.web.header.HeaderWriterFilter@5c839677, org.springframework.web.filter.CorsFilter@984de01, org.springframework.security.web.csrf.CsrfFilter@4a9bce99, org.springframework.security.web.authentication.logout.LogoutFilter@4eb63dc8, org.springframework.security.web.authentication.UsernamePasswordAuthenticationFilter@2c77344f, org.springframework.security.web.authentication.ui.DefaultLoginPageGeneratingFilter@e07b4db, org.springframework.security.web.authentication.ui.DefaultLogoutPageGeneratingFilter@58cda03f, org.springframework.security.web.authentication.www.BasicAuthenticationFilter@543b0737, org.springframework.security.web.savedrequest.RequestCacheAwareFilter@5cffec7, org.springframework.security.web.servletapi.SecurityContextHolderAwareRequestFilter@7e81617a, org.springframework.security.web.authentication.AnonymousAuthenticationFilter@7757a37f, org.springframework.security.web.access.ExceptionTranslationFilter@51132514, org.springframework.security.web.access.intercept.AuthorizationFilter@40bf0e15]
2024-01-16T12:35:52.455+01:00  INFO 75295 --- [           main] com.g2.t5.T5ApplicationTests             : Started T5ApplicationTests in 1.294 seconds (process running for 1.762)
]]></system-out>
    <system-err><![CDATA[WARNING: A Java agent has been loaded dynamically (/Users/valerio/.m2/repository/net/bytebuddy/byte-buddy-agent/1.14.10/byte-buddy-agent-1.14.10.jar)
WARNING: If a serviceability tool is in use, please run with -XX:+EnableDynamicAgentLoading to hide this warning
WARNING: If a serviceability tool is not in use, please run with -Djdk.instrument.traceUsage for more information
WARNING: Dynamic loading of agents will be disallowed by default in a future release
]]></system-err>
  </testcase>
</testsuite>